2024-02-19 22:38:38,109 - ERROR - Error processing link https://codeforces.com/problemset/problem/1912/J: 'NoneType' object has no attribute 'find_all'
2024-02-19 22:38:38,635 - ERROR - Error processing link https://codeforces.com/problemset/problem/1912/I: 'NoneType' object has no attribute 'find_all'
2024-02-19 22:38:39,541 - ERROR - Error processing link https://codeforces.com/problemset/problem/1912/G: 'NoneType' object has no attribute 'find_all'
2024-02-19 22:38:41,095 - ERROR - Error processing link https://codeforces.com/problemset/problem/1912/C: 'NoneType' object has no attribute 'find_all'
2024-02-19 22:38:46,684 - ERROR - Error processing link https://codeforces.com/problemset/problem/1907/F: 'NoneType' object has no attribute 'group'
2024-02-19 22:38:52,837 - ERROR - Error processing link https://codeforces.com/problemset/problem/1906/C: 'NoneType' object has no attribute 'find'
2024-02-19 22:45:06,262 - ERROR - Error processing link https://codeforces.com/problemset/problem/1773/K: 'NoneType' object has no attribute 'find_all'
2024-02-19 22:45:21,936 - ERROR - Error processing link https://codeforces.com/problemset/problem/1773/C: 'NoneType' object has no attribute 'find_all'
2024-02-19 22:50:02,534 - ERROR - Error processing link https://codeforces.com/problemset/problem/1666/H: 'NoneType' object has no attribute 'find_all'
2024-02-19 22:51:42,807 - ERROR - Error processing link https://codeforces.com/problemset/problem/1666/G: 'NoneType' object has no attribute 'find_all'
2024-02-19 22:52:39,366 - ERROR - Error processing link https://codeforces.com/problemset/problem/1639/K: 'NoneType' object has no attribute 'find'
2024-02-19 22:52:39,742 - ERROR - Error processing link https://codeforces.com/problemset/problem/1639/J: 'NoneType' object has no attribute 'find'
2024-02-19 22:52:40,122 - ERROR - Error processing link https://codeforces.com/problemset/problem/1639/I: 'NoneType' object has no attribute 'find'
2024-02-19 22:52:40,519 - ERROR - Error processing link https://codeforces.com/problemset/problem/1639/H: 'NoneType' object has no attribute 'find'
2024-02-19 22:52:40,915 - ERROR - Error processing link https://codeforces.com/problemset/problem/1639/G: 'NoneType' object has no attribute 'find'
2024-02-19 22:52:41,302 - ERROR - Error processing link https://codeforces.com/problemset/problem/1639/F: 'NoneType' object has no attribute 'find'
2024-02-19 22:52:41,696 - ERROR - Error processing link https://codeforces.com/problemset/problem/1639/E: 'NoneType' object has no attribute 'find'
2024-02-19 22:52:42,087 - ERROR - Error processing link https://codeforces.com/problemset/problem/1639/D: 'NoneType' object has no attribute 'find'
2024-02-19 22:52:42,485 - ERROR - Error processing link https://codeforces.com/problemset/problem/1639/C: 'NoneType' object has no attribute 'find'
2024-02-19 22:52:42,895 - ERROR - Error processing link https://codeforces.com/problemset/problem/1639/B: 'NoneType' object has no attribute 'find'
2024-02-19 22:52:43,293 - ERROR - Error processing link https://codeforces.com/problemset/problem/1639/A: 'NoneType' object has no attribute 'find'
2024-02-19 22:55:50,026 - ERROR - Error processing link https://codeforces.com/problemset/problem/1560/E: 'NoneType' object has no attribute 'group'
2024-02-19 22:58:17,439 - ERROR - Error processing link https://codeforces.com/problemset/problem/1510/G: 'NoneType' object has no attribute 'find_all'
2024-02-19 22:58:30,311 - ERROR - Error processing link https://codeforces.com/problemset/problem/1510/E: 'NoneType' object has no attribute 'find_all'
2024-02-19 22:58:32,632 - ERROR - Error processing link https://codeforces.com/problemset/problem/1510/A: 'NoneType' object has no attribute 'find_all'
2024-02-19 23:04:34,581 - ERROR - Error processing link https://codeforces.com/problemset/problem/1357/E2: 'NoneType' object has no attribute 'find'
2024-02-19 23:04:35,028 - ERROR - Error processing link https://codeforces.com/problemset/problem/1357/E1: 'NoneType' object has no attribute 'find'
2024-02-19 23:04:35,422 - ERROR - Error processing link https://codeforces.com/problemset/problem/1357/D5: 'NoneType' object has no attribute 'find'
2024-02-19 23:04:35,815 - ERROR - Error processing link https://codeforces.com/problemset/problem/1357/D4: 'NoneType' object has no attribute 'find'
2024-02-19 23:04:36,217 - ERROR - Error processing link https://codeforces.com/problemset/problem/1357/D3: 'NoneType' object has no attribute 'find'
2024-02-19 23:04:36,629 - ERROR - Error processing link https://codeforces.com/problemset/problem/1357/D2: 'NoneType' object has no attribute 'find'
2024-02-19 23:04:37,072 - ERROR - Error processing link https://codeforces.com/problemset/problem/1357/D1: 'NoneType' object has no attribute 'find'
2024-02-19 23:04:37,519 - ERROR - Error processing link https://codeforces.com/problemset/problem/1357/C2: 'NoneType' object has no attribute 'find'
2024-02-19 23:04:37,916 - ERROR - Error processing link https://codeforces.com/problemset/problem/1357/C1: 'NoneType' object has no attribute 'find'
2024-02-19 23:04:38,307 - ERROR - Error processing link https://codeforces.com/problemset/problem/1357/B2: 'NoneType' object has no attribute 'find'
2024-02-19 23:04:38,744 - ERROR - Error processing link https://codeforces.com/problemset/problem/1357/B1: 'NoneType' object has no attribute 'find'
2024-02-19 23:04:39,166 - ERROR - Error processing link https://codeforces.com/problemset/problem/1357/A7: 'NoneType' object has no attribute 'find'
2024-02-19 23:04:39,623 - ERROR - Error processing link https://codeforces.com/problemset/problem/1357/A6: 'NoneType' object has no attribute 'find'
2024-02-19 23:04:40,076 - ERROR - Error processing link https://codeforces.com/problemset/problem/1357/A5: 'NoneType' object has no attribute 'find'
2024-02-19 23:04:40,496 - ERROR - Error processing link https://codeforces.com/problemset/problem/1357/A4: 'NoneType' object has no attribute 'find'
2024-02-19 23:04:40,935 - ERROR - Error processing link https://codeforces.com/problemset/problem/1357/A3: 'NoneType' object has no attribute 'find'
2024-02-19 23:04:41,343 - ERROR - Error processing link https://codeforces.com/problemset/problem/1357/A2: 'NoneType' object has no attribute 'find'
2024-02-19 23:04:41,737 - ERROR - Error processing link https://codeforces.com/problemset/problem/1357/A1: 'NoneType' object has no attribute 'find'
2024-02-19 23:07:57,706 - ERROR - Error processing link https://codeforces.com/problemset/problem/1267/F: 'NoneType' object has no attribute 'find_all'
2024-02-19 23:08:11,348 - ERROR - Error processing link https://codeforces.com/problemset/problem/1267/C: 'NoneType' object has no attribute 'find_all'
2024-02-19 23:08:12,375 - ERROR - Error processing link https://codeforces.com/problemset/problem/1267/A: 'NoneType' object has no attribute 'find_all'
2024-02-19 23:11:53,467 - ERROR - Error processing link https://codeforces.com/problemset/problem/1184/C3: 'NoneType' object has no attribute 'find'
2024-02-19 23:13:51,701 - ERROR - Error processing link https://codeforces.com/problemset/problem/1145/G: 'NoneType' object has no attribute 'find'
2024-02-19 23:13:53,792 - ERROR - Error processing link https://codeforces.com/problemset/problem/1145/E: 'NoneType' object has no attribute 'find'
2024-02-19 23:14:49,775 - ERROR - Error processing link https://codeforces.com/problemset/problem/1116/D6: 'NoneType' object has no attribute 'find'
2024-02-19 23:14:50,198 - ERROR - Error processing link https://codeforces.com/problemset/problem/1116/D5: 'NoneType' object has no attribute 'find'
2024-02-19 23:14:50,579 - ERROR - Error processing link https://codeforces.com/problemset/problem/1116/D4: 'NoneType' object has no attribute 'find'
2024-02-19 23:14:50,943 - ERROR - Error processing link https://codeforces.com/problemset/problem/1116/D3: 'NoneType' object has no attribute 'find'
2024-02-19 23:14:51,315 - ERROR - Error processing link https://codeforces.com/problemset/problem/1116/D2: 'NoneType' object has no attribute 'find'
2024-02-19 23:14:51,725 - ERROR - Error processing link https://codeforces.com/problemset/problem/1116/D1: 'NoneType' object has no attribute 'find'
2024-02-19 23:14:52,224 - ERROR - Error processing link https://codeforces.com/problemset/problem/1116/C3: 'NoneType' object has no attribute 'find'
2024-02-19 23:14:52,688 - ERROR - Error processing link https://codeforces.com/problemset/problem/1116/C2: 'NoneType' object has no attribute 'find'
2024-02-19 23:14:53,150 - ERROR - Error processing link https://codeforces.com/problemset/problem/1116/C1: 'NoneType' object has no attribute 'find'
2024-02-19 23:14:53,590 - ERROR - Error processing link https://codeforces.com/problemset/problem/1116/B2: 'NoneType' object has no attribute 'find'
2024-02-19 23:14:54,014 - ERROR - Error processing link https://codeforces.com/problemset/problem/1116/B1: 'NoneType' object has no attribute 'find'
2024-02-19 23:14:54,402 - ERROR - Error processing link https://codeforces.com/problemset/problem/1116/A2: 'NoneType' object has no attribute 'find'
2024-02-19 23:14:54,779 - ERROR - Error processing link https://codeforces.com/problemset/problem/1116/A1: 'NoneType' object has no attribute 'find'
2024-02-19 23:15:59,058 - ERROR - Error processing link https://codeforces.com/problemset/problem/1090/L: 'NoneType' object has no attribute 'find_all'
2024-02-19 23:15:59,651 - ERROR - Error processing link https://codeforces.com/problemset/problem/1090/K: 'NoneType' object has no attribute 'find_all'
2024-02-19 23:16:00,552 - ERROR - Error processing link https://codeforces.com/problemset/problem/1090/I: 'NoneType' object has no attribute 'find_all'
2024-02-19 23:16:01,247 - ERROR - Error processing link https://codeforces.com/problemset/problem/1090/H: 'NoneType' object has no attribute 'find_all'
2024-02-19 23:16:02,021 - ERROR - Error processing link https://codeforces.com/problemset/problem/1090/G: 'NoneType' object has no attribute 'find_all'
2024-02-19 23:16:02,507 - ERROR - Error processing link https://codeforces.com/problemset/problem/1090/F: 'NoneType' object has no attribute 'find_all'
2024-02-19 23:16:03,284 - ERROR - Error processing link https://codeforces.com/problemset/problem/1090/E: 'NoneType' object has no attribute 'find_all'
2024-02-19 23:16:04,799 - ERROR - Error processing link https://codeforces.com/problemset/problem/1090/B: 'NoneType' object has no attribute 'find_all'
2024-02-19 23:16:17,764 - ERROR - Error processing link https://codeforces.com/problemset/problem/1089/M: 'NoneType' object has no attribute 'find_all'
2024-02-19 23:16:20,096 - ERROR - Error processing link https://codeforces.com/problemset/problem/1089/H: 'NoneType' object has no attribute 'find_all'
2024-02-19 23:16:33,361 - ERROR - Error processing link https://codeforces.com/problemset/problem/1089/E: 'NoneType' object has no attribute 'find_all'
2024-02-19 23:16:33,915 - ERROR - Error processing link https://codeforces.com/problemset/problem/1089/D: 'NoneType' object has no attribute 'find_all'
2024-02-19 23:16:46,254 - ERROR - Error processing link https://codeforces.com/problemset/problem/1089/C: 'NoneType' object has no attribute 'find_all'
2024-02-19 23:16:58,593 - ERROR - Error processing link https://codeforces.com/problemset/problem/1089/B: 'NoneType' object has no attribute 'find_all'
2024-02-19 23:19:36,077 - ERROR - Error processing link https://codeforces.com/problemset/problem/1063/C: 'NoneType' object has no attribute 'find_all'
2024-02-19 23:19:43,397 - ERROR - Error processing link https://codeforces.com/problemset/problem/1060/H: 'NoneType' object has no attribute 'find'
2024-02-19 23:21:48,160 - ERROR - Error processing link https://codeforces.com/problemset/problem/1002/E2: 'NoneType' object has no attribute 'find'
2024-02-19 23:21:48,575 - ERROR - Error processing link https://codeforces.com/problemset/problem/1002/E1: 'NoneType' object has no attribute 'find'
2024-02-19 23:21:48,993 - ERROR - Error processing link https://codeforces.com/problemset/problem/1002/D3: 'NoneType' object has no attribute 'find'
2024-02-19 23:21:49,409 - ERROR - Error processing link https://codeforces.com/problemset/problem/1002/D2: 'NoneType' object has no attribute 'find'
2024-02-19 23:21:49,860 - ERROR - Error processing link https://codeforces.com/problemset/problem/1002/D1: 'NoneType' object has no attribute 'find'
2024-02-19 23:21:50,269 - ERROR - Error processing link https://codeforces.com/problemset/problem/1002/C2: 'NoneType' object has no attribute 'find'
2024-02-19 23:21:50,668 - ERROR - Error processing link https://codeforces.com/problemset/problem/1002/C1: 'NoneType' object has no attribute 'find'
2024-02-19 23:21:51,105 - ERROR - Error processing link https://codeforces.com/problemset/problem/1002/B4: 'NoneType' object has no attribute 'find'
2024-02-19 23:21:51,490 - ERROR - Error processing link https://codeforces.com/problemset/problem/1002/B3: 'NoneType' object has no attribute 'find'
2024-02-19 23:21:51,890 - ERROR - Error processing link https://codeforces.com/problemset/problem/1002/B2: 'NoneType' object has no attribute 'find'
2024-02-19 23:21:52,313 - ERROR - Error processing link https://codeforces.com/problemset/problem/1002/B1: 'NoneType' object has no attribute 'find'
2024-02-19 23:21:52,810 - ERROR - Error processing link https://codeforces.com/problemset/problem/1002/A4: 'NoneType' object has no attribute 'find'
2024-02-19 23:21:53,303 - ERROR - Error processing link https://codeforces.com/problemset/problem/1002/A3: 'NoneType' object has no attribute 'find'
2024-02-19 23:21:53,736 - ERROR - Error processing link https://codeforces.com/problemset/problem/1002/A2: 'NoneType' object has no attribute 'find'
2024-02-19 23:21:54,162 - ERROR - Error processing link https://codeforces.com/problemset/problem/1002/A1: 'NoneType' object has no attribute 'find'
2024-02-19 23:23:37,777 - ERROR - Error processing link https://codeforces.com/problemset/problem/958/A3: 'NoneType' object has no attribute 'find'
2024-02-19 23:23:48,755 - ERROR - Error processing link https://codeforces.com/problemset/problem/952/D: 'NoneType' object has no attribute 'find'
2024-02-19 23:23:49,810 - ERROR - Error processing link https://codeforces.com/problemset/problem/952/B: 'NoneType' object has no attribute 'find'
2024-02-19 23:24:06,873 - ERROR - Error processing link https://codeforces.com/problemset/problem/949/F: 'NoneType' object has no attribute 'find_all'
2024-02-19 23:25:35,077 - ERROR - Error processing link https://codeforces.com/problemset/problem/936/E: 'NoneType' object has no attribute 'find_all'
2024-02-19 23:25:51,226 - ERROR - Error processing link https://codeforces.com/problemset/problem/929/D: 'NoneType' object has no attribute 'group'
2024-02-19 23:26:08,393 - ERROR - Error processing link https://codeforces.com/problemset/problem/921/14: 'NoneType' object has no attribute 'find'
2024-02-19 23:26:08,809 - ERROR - Error processing link https://codeforces.com/problemset/problem/921/13: 'NoneType' object has no attribute 'find'
2024-02-19 23:26:09,198 - ERROR - Error processing link https://codeforces.com/problemset/problem/921/12: 'NoneType' object has no attribute 'find'
2024-02-19 23:26:09,597 - ERROR - Error processing link https://codeforces.com/problemset/problem/921/11: 'NoneType' object has no attribute 'find'
2024-02-19 23:26:09,986 - ERROR - Error processing link https://codeforces.com/problemset/problem/921/10: 'NoneType' object has no attribute 'find'
2024-02-19 23:26:10,403 - ERROR - Error processing link https://codeforces.com/problemset/problem/921/09: 'NoneType' object has no attribute 'find'
2024-02-19 23:26:10,810 - ERROR - Error processing link https://codeforces.com/problemset/problem/921/08: 'NoneType' object has no attribute 'find'
2024-02-19 23:26:11,221 - ERROR - Error processing link https://codeforces.com/problemset/problem/921/07: 'NoneType' object has no attribute 'find'
2024-02-19 23:26:11,598 - ERROR - Error processing link https://codeforces.com/problemset/problem/921/06: 'NoneType' object has no attribute 'find'
2024-02-19 23:26:12,008 - ERROR - Error processing link https://codeforces.com/problemset/problem/921/05: 'NoneType' object has no attribute 'find'
2024-02-19 23:26:12,423 - ERROR - Error processing link https://codeforces.com/problemset/problem/921/04: 'NoneType' object has no attribute 'find'
2024-02-19 23:26:12,938 - ERROR - Error processing link https://codeforces.com/problemset/problem/921/03: 'NoneType' object has no attribute 'find'
2024-02-19 23:26:13,391 - ERROR - Error processing link https://codeforces.com/problemset/problem/921/02: 'NoneType' object has no attribute 'find'
2024-02-19 23:30:18,436 - ERROR - Error processing link https://codeforces.com/problemset/problem/802/F: 'NoneType' object has no attribute 'find'
2024-02-19 23:30:18,857 - ERROR - Error processing link https://codeforces.com/problemset/problem/802/E: 'NoneType' object has no attribute 'find'
2024-02-19 23:33:58,824 - ERROR - Error processing link https://codeforces.com/problemset/problem/690/E2: 'NoneType' object has no attribute 'find'
2024-02-19 23:33:59,458 - ERROR - Error processing link https://codeforces.com/problemset/problem/690/E1: 'NoneType' object has no attribute 'find'
2024-02-19 23:35:06,045 - ERROR - Error processing link https://codeforces.com/problemset/problem/649/E: 'NoneType' object has no attribute 'group'
2024-02-19 23:35:06,507 - ERROR - Error processing link https://codeforces.com/problemset/problem/649/D: 'NoneType' object has no attribute 'group'
2024-02-19 23:35:06,983 - ERROR - Error processing link https://codeforces.com/problemset/problem/649/C: 'NoneType' object has no attribute 'group'
2024-02-19 23:35:07,443 - ERROR - Error processing link https://codeforces.com/problemset/problem/649/B: 'NoneType' object has no attribute 'group'
2024-02-19 23:35:07,878 - ERROR - Error processing link https://codeforces.com/problemset/problem/649/A: 'NoneType' object has no attribute 'group'
2024-02-19 23:35:08,421 - ERROR - Error processing link https://codeforces.com/problemset/problem/648/E: 'NoneType' object has no attribute 'group'
2024-02-19 23:35:08,882 - ERROR - Error processing link https://codeforces.com/problemset/problem/648/D: 'NoneType' object has no attribute 'group'
2024-02-19 23:35:09,327 - ERROR - Error processing link https://codeforces.com/problemset/problem/648/C: 'NoneType' object has no attribute 'group'
2024-02-19 23:35:09,773 - ERROR - Error processing link https://codeforces.com/problemset/problem/648/B: 'NoneType' object has no attribute 'group'
2024-02-19 23:35:10,233 - ERROR - Error processing link https://codeforces.com/problemset/problem/648/A: 'NoneType' object has no attribute 'group'
2024-02-19 23:38:53,794 - ERROR - Error processing link https://codeforces.com/problemset/problem/528/E: 'NoneType' object has no attribute 'find_all'
2024-02-19 23:39:04,835 - ERROR - Error processing link https://codeforces.com/problemset/problem/524/B: 'NoneType' object has no attribute 'group'
2024-02-19 23:39:05,337 - ERROR - Error processing link https://codeforces.com/problemset/problem/524/A: 'NoneType' object has no attribute 'group'
2024-02-19 23:39:51,945 - ERROR - Error processing link https://codeforces.com/problemset/problem/497/D: 'NoneType' object has no attribute 'find_all'
2024-02-19 23:45:56,401 - ERROR - Error processing link https://codeforces.com/problemset/problem/316/F3: 'NoneType' object has no attribute 'find'
2024-02-19 23:45:56,814 - ERROR - Error processing link https://codeforces.com/problemset/problem/316/F2: 'NoneType' object has no attribute 'find'
2024-02-19 23:45:57,308 - ERROR - Error processing link https://codeforces.com/problemset/problem/316/F1: 'NoneType' object has no attribute 'find'
2024-02-19 23:48:28,724 - ERROR - Error processing link https://codeforces.com/problemset/problem/241/G: 'NoneType' object has no attribute 'find'
2024-02-19 23:49:32,155 - ERROR - Error processing link https://codeforces.com/problemset/problem/207/D9: 'NoneType' object has no attribute 'find'
2024-02-19 23:49:32,530 - ERROR - Error processing link https://codeforces.com/problemset/problem/207/D8: 'NoneType' object has no attribute 'find'
2024-02-19 23:49:32,948 - ERROR - Error processing link https://codeforces.com/problemset/problem/207/D7: 'NoneType' object has no attribute 'find'
2024-02-19 23:49:33,311 - ERROR - Error processing link https://codeforces.com/problemset/problem/207/D6: 'NoneType' object has no attribute 'find'
2024-02-19 23:49:33,672 - ERROR - Error processing link https://codeforces.com/problemset/problem/207/D5: 'NoneType' object has no attribute 'find'
2024-02-19 23:49:34,041 - ERROR - Error processing link https://codeforces.com/problemset/problem/207/D4: 'NoneType' object has no attribute 'find'
2024-02-19 23:49:34,430 - ERROR - Error processing link https://codeforces.com/problemset/problem/207/D3: 'NoneType' object has no attribute 'find'
2024-02-19 23:49:34,813 - ERROR - Error processing link https://codeforces.com/problemset/problem/207/D2: 'NoneType' object has no attribute 'find'
2024-02-19 23:49:35,245 - ERROR - Error processing link https://codeforces.com/problemset/problem/207/D10: 'NoneType' object has no attribute 'find'
2024-02-19 23:49:35,629 - ERROR - Error processing link https://codeforces.com/problemset/problem/207/D1: 'NoneType' object has no attribute 'find'
2024-02-19 23:50:27,510 - ERROR - Error processing link https://codeforces.com/problemset/problem/178/E3: 'NoneType' object has no attribute 'find'
2024-02-19 23:50:27,910 - ERROR - Error processing link https://codeforces.com/problemset/problem/178/E2: 'NoneType' object has no attribute 'find'
2024-02-19 23:50:28,357 - ERROR - Error processing link https://codeforces.com/problemset/problem/178/E1: 'NoneType' object has no attribute 'find'
